
2018-01-06 07:26:06 [-][-][-][error][yii\base\ErrorException:2] yii\base\ErrorException: file_get_contents(www.baidu.com): failed to open stream: No such file or directory in /Applications/XAMPP/xamppfiles/htdocs/hyc/console/controllers/QcController.php:24
Stack trace:
#0 [internal function]: yii\base\ErrorHandler->handleError(2, 'file_get_conten...', '/Applications/X...', 24, Array)
#1 /Applications/XAMPP/xamppfiles/htdocs/hyc/console/controllers/QcController.php(24): file_get_contents('www.baidu.com')
#2 [internal function]: console\controllers\QcController->actionIndex()
#3 /Applications/XAMPP/xamppfiles/htdocs/hyc/vendor/yiisoft/yii2/base/InlineAction.php(57): call_user_func_array(Array, Array)
#4 /Applications/XAMPP/xamppfiles/htdocs/hyc/vendor/yiisoft/yii2/base/Controller.php(157): yii\base\InlineAction->runWithParams(Array)
#5 /Applications/XAMPP/xamppfiles/htdocs/hyc/vendor/yiisoft/yii2/console/Controller.php(135): yii\base\Controller->runAction('', Array)
#6 /Applications/XAMPP/xamppfiles/htdocs/hyc/vendor/yiisoft/yii2/base/Module.php(528): yii\console\Controller->runAction('', Array)
#7 /Applications/XAMPP/xamppfiles/htdocs/hyc/vendor/yiisoft/yii2/console/Application.php(180): yii\base\Module->runAction('qc', Array)
#8 /Applications/XAMPP/xamppfiles/htdocs/hyc/vendor/yiisoft/yii2/console/Application.php(147): yii\console\Application->runAction('qc', Array)
#9 /Applications/XAMPP/xamppfiles/htdocs/hyc/vendor/yiisoft/yii2/base/Application.php(386): yii\console\Application->handleRequest(Object(yii\console\Request))
#10 /Applications/XAMPP/xamppfiles/htdocs/hyc/yii(27): yii\base\Application->run()
#11 {main}
2018-01-06 07:26:06 [-][-][-][info][application] $_SERVER = [
    'TERM_PROGRAM' => 'Apple_Terminal'
    'SHELL' => '/bin/bash'
    'TERM' => 'xterm-256color'
    'TMPDIR' => '/var/folders/xy/hj85vv_x39g7js0_n865k95c0000gn/T/'
    'Apple_PubSub_Socket_Render' => '/private/tmp/com.apple.launchd.Mf6w4feXy6/Render'
    'TERM_PROGRAM_VERSION' => '400'
    'TERM_SESSION_ID' => '34FA80A5-99D6-4DE4-AC3D-4EAFD0FE6B78'
    'USER' => 'tyy'
    'SSH_AUTH_SOCK' => '/private/tmp/com.apple.launchd.taE9Nfpgrc/Listeners'
    'PATH' => '/usr/local/bin:/usr/bin:/bin:/usr/sbin:/sbin'
    'PWD' => '/Users/tyy'
    'LANG' => 'zh_CN.UTF-8'
    'XPC_FLAGS' => '0x0'
    'XPC_SERVICE_NAME' => '0'
    'SHLVL' => '1'
    'HOME' => '/Users/tyy'
    'LOGNAME' => 'tyy'
    '_' => '/Applications/XAMPP/htdocs/hyc/yii'
    '__CF_USER_TEXT_ENCODING' => '0x1F5:0x19:0x34'
    'PHP_SELF' => '/Applications/XAMPP/htdocs/hyc/yii'
    'SCRIPT_NAME' => '/Applications/XAMPP/htdocs/hyc/yii'
    'SCRIPT_FILENAME' => '/Applications/XAMPP/htdocs/hyc/yii'
    'PATH_TRANSLATED' => '/Applications/XAMPP/htdocs/hyc/yii'
    'DOCUMENT_ROOT' => ''
    'REQUEST_TIME_FLOAT' => 1515223566.3184
    'REQUEST_TIME' => 1515223566
    'argv' => [
        0 => '/Applications/XAMPP/htdocs/hyc/yii'
        1 => 'qc'
    ]
    'argc' => 2
]
2018-01-06 07:38:23 [-][-][-][error][yii\base\UnknownMethodException] yii\base\UnknownMethodException: Calling unknown method: console\controllers\QcController::error() in /Applications/XAMPP/xamppfiles/htdocs/hyc/vendor/yiisoft/yii2/base/Component.php:294
Stack trace:
#0 /Applications/XAMPP/xamppfiles/htdocs/hyc/console/controllers/QcController.php(33): yii\base\Component->__call('error', Array)
#1 [internal function]: console\controllers\QcController->actionSpider('0')
#2 /Applications/XAMPP/xamppfiles/htdocs/hyc/vendor/yiisoft/yii2/base/InlineAction.php(57): call_user_func_array(Array, Array)
#3 /Applications/XAMPP/xamppfiles/htdocs/hyc/vendor/yiisoft/yii2/base/Controller.php(157): yii\base\InlineAction->runWithParams(Array)
#4 /Applications/XAMPP/xamppfiles/htdocs/hyc/vendor/yiisoft/yii2/console/Controller.php(135): yii\base\Controller->runAction('spider', Array)
#5 /Applications/XAMPP/xamppfiles/htdocs/hyc/vendor/yiisoft/yii2/base/Module.php(528): yii\console\Controller->runAction('spider', Array)
#6 /Applications/XAMPP/xamppfiles/htdocs/hyc/vendor/yiisoft/yii2/console/Application.php(180): yii\base\Module->runAction('qc/spider', Array)
#7 /Applications/XAMPP/xamppfiles/htdocs/hyc/vendor/yiisoft/yii2/console/Application.php(147): yii\console\Application->runAction('qc/spider', Array)
#8 /Applications/XAMPP/xamppfiles/htdocs/hyc/vendor/yiisoft/yii2/base/Application.php(386): yii\console\Application->handleRequest(Object(yii\console\Request))
#9 /Applications/XAMPP/xamppfiles/htdocs/hyc/yii(27): yii\base\Application->run()
#10 {main}
2018-01-06 07:38:23 [-][-][-][info][application] $_SERVER = [
    'TERM_PROGRAM' => 'Apple_Terminal'
    'SHELL' => '/bin/bash'
    'TERM' => 'xterm-256color'
    'TMPDIR' => '/var/folders/xy/hj85vv_x39g7js0_n865k95c0000gn/T/'
    'Apple_PubSub_Socket_Render' => '/private/tmp/com.apple.launchd.Mf6w4feXy6/Render'
    'TERM_PROGRAM_VERSION' => '400'
    'TERM_SESSION_ID' => '34FA80A5-99D6-4DE4-AC3D-4EAFD0FE6B78'
    'USER' => 'tyy'
    'SSH_AUTH_SOCK' => '/private/tmp/com.apple.launchd.taE9Nfpgrc/Listeners'
    'PATH' => '/usr/local/bin:/usr/bin:/bin:/usr/sbin:/sbin'
    'PWD' => '/Users/tyy'
    'LANG' => 'zh_CN.UTF-8'
    'XPC_FLAGS' => '0x0'
    'XPC_SERVICE_NAME' => '0'
    'SHLVL' => '1'
    'HOME' => '/Users/tyy'
    'LOGNAME' => 'tyy'
    '_' => '/Applications/XAMPP/htdocs/hyc/yii'
    '__CF_USER_TEXT_ENCODING' => '0x1F5:0x19:0x34'
    'PHP_SELF' => '/Applications/XAMPP/htdocs/hyc/yii'
    'SCRIPT_NAME' => '/Applications/XAMPP/htdocs/hyc/yii'
    'SCRIPT_FILENAME' => '/Applications/XAMPP/htdocs/hyc/yii'
    'PATH_TRANSLATED' => '/Applications/XAMPP/htdocs/hyc/yii'
    'DOCUMENT_ROOT' => ''
    'REQUEST_TIME_FLOAT' => 1515224303.1144
    'REQUEST_TIME' => 1515224303
    'argv' => [
        0 => '/Applications/XAMPP/htdocs/hyc/yii'
        1 => 'qc/spider'
        2 => '0'
    ]
    'argc' => 3
]
